c:\users\elhar\source\repos\restaurant-management-phas-2\proj main\ds project 1.2\x64\debug\vc143.pdb
c:\users\elhar\source\repos\restaurant-management-phas-2\proj main\ds project 1.2\x64\debug\vc143.idb
c:\users\elhar\source\repos\restaurant-management-phas-2\proj main\ds project 1.2\x64\debug\ui.obj
c:\users\elhar\source\repos\restaurant-management-phas-2\proj main\ds project 1.2\x64\debug\tablefitpriqueue.obj
c:\users\elhar\source\repos\restaurant-management-phas-2\proj main\ds project 1.2\x64\debug\table.obj
c:\users\elhar\source\repos\restaurant-management-phas-2\proj main\ds project 1.2\x64\debug\scooter.obj
c:\users\elhar\source\repos\restaurant-management-phas-2\proj main\ds project 1.2\x64\debug\restaurant.obj
c:\users\elhar\source\repos\restaurant-management-phas-2\proj main\ds project 1.2\x64\debug\queuewithcancel.obj
c:\users\elhar\source\repos\restaurant-management-phas-2\proj main\ds project 1.2\x64\debug\priqueuewithcancel.obj
c:\users\elhar\source\repos\restaurant-management-phas-2\proj main\ds project 1.2\x64\debug\order.obj
c:\users\elhar\source\repos\restaurant-management-phas-2\proj main\ds project 1.2\x64\debug\main.obj
c:\users\elhar\source\repos\restaurant-management-phas-2\proj main\ds project 1.2\x64\debug\chef.obj
c:\users\elhar\source\repos\restaurant-management-phas-2\proj main\x64\debug\ds project 1.2.exe
c:\users\elhar\source\repos\restaurant-management-phas-2\proj main\x64\debug\ds project 1.2.pdb
c:\users\elhar\source\repos\restaurant-management-phas-2\proj main\ds project 1.2\x64\debug\ds project 1.2.ilk
c:\users\elhar\source\repos\restaurant-management-phas-2\proj main\ds project 1.2\x64\debug\ds project 1.2.tlog\cl.command.1.tlog
c:\users\elhar\source\repos\restaurant-management-phas-2\proj main\ds project 1.2\x64\debug\ds project 1.2.tlog\cl.items.tlog
c:\users\elhar\source\repos\restaurant-management-phas-2\proj main\ds project 1.2\x64\debug\ds project 1.2.tlog\cl.read.1.tlog
c:\users\elhar\source\repos\restaurant-management-phas-2\proj main\ds project 1.2\x64\debug\ds project 1.2.tlog\cl.write.1.tlog
c:\users\elhar\source\repos\restaurant-management-phas-2\proj main\ds project 1.2\x64\debug\ds project 1.2.tlog\link.command.1.tlog
c:\users\elhar\source\repos\restaurant-management-phas-2\proj main\ds project 1.2\x64\debug\ds project 1.2.tlog\link.read.1.tlog
c:\users\elhar\source\repos\restaurant-management-phas-2\proj main\ds project 1.2\x64\debug\ds project 1.2.tlog\link.secondary.1.tlog
c:\users\elhar\source\repos\restaurant-management-phas-2\proj main\ds project 1.2\x64\debug\ds project 1.2.tlog\link.write.1.tlog
